<?xml version="1.0" encoding="UTF-8"?>
<!-- Generated by org.testng.reporters.JUnitXMLReporter -->
<testsuite hostname="LAPTOP-UQ8QGHU2" ignored="5" name="Default test" tests="1" failures="0" timestamp="2022-03-24T14:26:02 IST" time="2.369" errors="0">
  <testcase name="CRUDPosts" time="1.961" classname="tests.PostsAPITests"/>
  <testcase name="putPosts" time="0.0" classname="tests.PostsAPITests">
    <ignored/>
  </testcase> <!-- putPosts -->
  <testcase name="patchPosts" time="0.0" classname="tests.PostsAPITests">
    <ignored/>
  </testcase> <!-- patchPosts -->
  <testcase name="postPosts" time="0.0" classname="tests.PostsAPITests">
    <ignored/>
  </testcase> <!-- postPosts -->
  <testcase name="deletePosts" time="0.0" classname="tests.PostsAPITests">
    <ignored/>
  </testcase> <!-- deletePosts -->
  <testcase name="getAllPosts" time="0.0" classname="tests.PostsAPITests">
    <ignored/>
  </testcase> <!-- getAllPosts -->
</testsuite> <!-- Default test -->
